This file contains any messages produced by compilers while
running configure, to aid debugging if configure makes a mistake.

It was created by configure, which was
generated by GNU Autoconf 2.72.  Invocation command line was

  $ ./configure --enable-epaphrodites

## --------- ##
## Platform. ##
## --------- ##

hostname = MacBook-Pro-de-YSRAEL.local
uname -m = x86_64
uname -r = 24.3.0
uname -s = Darwin
uname -v = Darwin Kernel Version 24.3.0: Thu Jan  2 20:22:00 PST 2025; root:xnu-11215.81.4~3/RELEASE_X86_64

/usr/bin/uname -p = i386
/bin/uname -X     = unknown

/bin/arch              = unknown
/usr/bin/arch -k       = unknown
/usr/convex/getsysinfo = unknown
/usr/bin/hostinfo      = Mach kernel version:
	 Darwin Kernel Version 24.3.0: Thu Jan  2 20:22:00 PST 2025; root:xnu-11215.81.4~3/RELEASE_X86_64
Kernel configured for up to 8 processors.
4 processors are physically available.
8 processors are logically available.
Processor type: x86_64h (Intel x86-64h Haswell)
Processors active: 0 1 2 3 4 5 6 7
Primary memory available: 16.00 gigabytes
Default processor set: 892 tasks, 3515 threads, 8 processors
Load average: 2.47, Mach factor: 5.61
/bin/machine           = unknown
/usr/bin/oslevel       = unknown
/bin/universe          = unknown

PATH: /usr/local/opt/openjdk/bin/
PATH: /usr/local/oracle/instantclient_19_8/
PATH: /usr/local/opt/php@8.3/sbin/
PATH: /usr/local/opt/php@8.3/bin/
PATH: /usr/local/opt/icu4c/sbin/
PATH: /usr/local/opt/icu4c/bin/
PATH: /usr/local/opt/icu4c/sbin/
PATH: /usr/local/opt/icu4c/bin/
PATH: /Users/konanaimeysraelndri/anaconda3/bin/
PATH: /Users/konanaimeysraelndri/anaconda3/condabin/
PATH: /Library/Frameworks/Python.framework/Versions/3.12/bin/
PATH: /usr/local/bin/
PATH: /System/Cryptexes/App/usr/bin/
PATH: /usr/bin/
PATH: /bin/
PATH: /usr/sbin/
PATH: /sbin/
PATH: /var/run/com.apple.security.cryptexd/codex.system/bootstrap/usr/local/bin/
PATH: /var/run/com.apple.security.cryptexd/codex.system/bootstrap/usr/bin/
PATH: /var/run/com.apple.security.cryptexd/codex.system/bootstrap/usr/appleinternal/bin/
PATH: /Library/Apple/usr/bin/
PATH: /Users/konanaimeysraelndri/application_mobile/flutter/bin/
PATH: /Library/Frameworks/Python.framework/Versions/3.12/bin/
PATH: /usr/local/bin/
PATH: /System/Cryptexes/App/usr/bin/
PATH: /usr/bin/
PATH: /bin/
PATH: /usr/sbin/
PATH: /sbin/
PATH: /var/run/com.apple.security.cryptexd/codex.system/bootstrap/usr/local/bin/
PATH: /var/run/com.apple.security.cryptexd/codex.system/bootstrap/usr/bin/
PATH: /var/run/com.apple.security.cryptexd/codex.system/bootstrap/usr/appleinternal/bin/
PATH: /Library/Apple/usr/bin/


## ----------- ##
## Core tests. ##
## ----------- ##

configure:2506: looking for aux files: config.guess config.sub
configure:2519:  trying ./build/
configure:2548:   ./build/config.guess found
configure:2548:   ./build/config.sub found
configure:2666: checking for grep that handles long lines and -e
configure:2732: result: /usr/bin/grep
configure:2737: checking for egrep
configure:2807: result: /usr/bin/grep -E
configure:2814: checking for a sed that does not truncate output
configure:2886: result: /usr/bin/sed
configure:2963: checking build system type
configure:2979: result: x86_64-apple-darwin24.3.0
configure:2999: checking host system type
configure:3014: result: x86_64-apple-darwin24.3.0
configure:3034: checking target system type
configure:3049: result: x86_64-apple-darwin24.3.0
configure:3101: checking for gawk
configure:3138: result: no
configure:3101: checking for nawk
configure:3138: result: no
configure:3101: checking for awk
configure:3123: found /usr/bin/awk
configure:3135: result: awk
configure:3157: checking if awk is broken
configure:3167: result: no
configure:3243: checking for pkg-config
configure:3266: found /usr/local/bin/pkg-config
configure:3279: result: /usr/local/bin/pkg-config
configure:3304: checking pkg-config is at least version 0.9.0
configure:3307: result: yes
configure:3384: checking for cc
configure:3405: found /usr/bin/cc
configure:3417: result: cc
configure:3448: checking for C compiler version
configure:3457: cc --version >&5
Apple clang version 15.0.0 (clang-1500.1.0.2.5)
Target: x86_64-apple-darwin24.3.0
Thread model: posix
InstalledDir: /Applications/Xcode.app/Contents/Developer/Toolchains/XcodeDefault.xctoolchain/usr/bin
configure:3468: $? = 0
configure:3457: cc -v >&5
Apple clang version 15.0.0 (clang-1500.1.0.2.5)
Target: x86_64-apple-darwin24.3.0
Thread model: posix
InstalledDir: /Applications/Xcode.app/Contents/Developer/Toolchains/XcodeDefault.xctoolchain/usr/bin
configure:3468: $? = 0
configure:3457: cc -V >&5
clang: error: argument to '-V' is missing (expected 1 value)
clang: error: no input files
configure:3468: $? = 1
configure:3457: cc -qversion >&5
clang: error: unknown argument '-qversion'; did you mean '--version'?
clang: error: no input files
configure:3468: $? = 1
configure:3457: cc -version >&5
clang: error: unknown argument '-version'; did you mean '--version'?
clang: error: no input files
configure:3468: $? = 1
configure:3488: checking whether the C compiler works
configure:3510: cc    conftest.c  >&5
configure:3514: $? = 0
configure:3565: result: yes
configure:3569: checking for C compiler default output file name
configure:3571: result: a.out
configure:3577: checking for suffix of executables
configure:3584: cc -o conftest    conftest.c  >&5
configure:3588: $? = 0
configure:3612: result: 
configure:3636: checking whether we are cross compiling
configure:3644: cc -o conftest    conftest.c  >&5
configure:3648: $? = 0
configure:3655: ./conftest
configure:3659: $? = 0
configure:3674: result: no
configure:3680: checking for suffix of object files
configure:3703: cc -c   conftest.c >&5
configure:3707: $? = 0
configure:3731: result: o
configure:3735: checking whether the compiler supports GNU C
configure:3755: cc -c   conftest.c >&5
configure:3755: $? = 0
configure:3767: result: yes
configure:3778: checking whether cc accepts -g
configure:3799: cc -c -g  conftest.c >&5
configure:3799: $? = 0
configure:3846: result: yes
configure:3866: checking for cc option to enable C11 features
configure:3881: cc  -c -g -O2  conftest.c >&5
configure:3881: $? = 0
configure:3900: result: none needed
configure:4024: checking how to run the C preprocessor
configure:4050: cc -E  conftest.c
configure:4050: $? = 0
configure:4066: cc -E  conftest.c
conftest.c:9:10: fatal error: 'ac_nonexistent.h' file not found
#include <ac_nonexistent.h>
         ^~~~~~~~~~~~~~~~~~
1 error generated.
configure:4066: $? = 1
configure: failed program was:
| /* confdefs.h */
| #define PACKAGE_NAME ""
| #define PACKAGE_TARNAME ""
| #define PACKAGE_VERSION ""
| #define PACKAGE_STRING ""
| #define PACKAGE_BUGREPORT ""
| #define PACKAGE_URL ""
| /* end confdefs.h.  */
| #include <ac_nonexistent.h>
configure:4095: result: cc -E
configure:4109: cc -E  conftest.c
configure:4109: $? = 0
configure:4125: cc -E  conftest.c
conftest.c:9:10: fatal error: 'ac_nonexistent.h' file not found
#include <ac_nonexistent.h>
         ^~~~~~~~~~~~~~~~~~
1 error generated.
configure:4125: $? = 1
configure: failed program was:
| /* confdefs.h */
| #define PACKAGE_NAME ""
| #define PACKAGE_TARNAME ""
| #define PACKAGE_VERSION ""
| #define PACKAGE_STRING ""
| #define PACKAGE_BUGREPORT ""
| #define PACKAGE_URL ""
| /* end confdefs.h.  */
| #include <ac_nonexistent.h>
configure:4158: checking for egrep -e
configure:4288: result: /usr/bin/grep -E
configure:4294: checking for icc
configure:4304: result: no
configure:4319: checking for suncc
configure:4329: result: no
configure:4348: checking for system library directory
configure:4365: result: lib
configure:4372: checking if compiler supports -Wl,-rpath,
configure:4392: cc -o conftest -g -O2   conftest.c -Wl,-rpath,/usr/lib  >&5
configure:4392: $? = 0
configure:4405: result: yes
configure:4529: checking for PHP prefix
configure:4531: result: /usr/local/Cellar/php/8.4.4
configure:4533: checking for PHP includes
configure:4535: result: -I/usr/local/Cellar/php/8.4.4/include/php -I/usr/local/Cellar/php/8.4.4/include/php/main -I/usr/local/Cellar/php/8.4.4/include/php/TSRM -I/usr/local/Cellar/php/8.4.4/include/php/Zend -I/usr/local/Cellar/php/8.4.4/include/php/ext -I/usr/local/Cellar/php/8.4.4/include/php/ext/date/lib
configure:4537: checking for PHP extension directory
configure:4539: result: /usr/local/Cellar/php/8.4.4/pecl/20240924
configure:4541: checking for PHP installed headers prefix
configure:4543: result: /usr/local/Cellar/php/8.4.4/include/php
configure:4546: checking if debugging is enabled
configure:4570: result: no
configure:4573: checking if PHP is built with thread safety (ZTS)
configure:4597: result: no
configure:4674: result: 
configure:4676: result: [1mConfiguring extension[m
configure:4683: checking whether to enable the Epaphrodites extension
configure:4724: result: yes, shared
configure:5000: result: 
configure:5002: result: [1mConfiguring libtool[m
configure:5090: checking for a sed that does not truncate output
configure:5146: result: /usr/bin/sed
configure:5162: checking for ld used by cc
configure:5231: result: /Applications/Xcode.app/Contents/Developer/Toolchains/XcodeDefault.xctoolchain/usr/bin/ld
configure:5238: checking if the linker (/Applications/Xcode.app/Contents/Developer/Toolchains/XcodeDefault.xctoolchain/usr/bin/ld) is GNU ld
configure:5255: result: no
configure:5260: checking for /Applications/Xcode.app/Contents/Developer/Toolchains/XcodeDefault.xctoolchain/usr/bin/ld option to reload object files
configure:5269: result: -r
configure:5287: checking for BSD-compatible nm
configure:5338: result: /usr/bin/nm -B
configure:5342: checking whether ln -s works
configure:5346: result: yes
configure:5353: checking how to recognize dependent libraries
configure:5541: result: pass_all
configure:5766: checking for stdio.h
configure:5766: cc -c -g -O2  conftest.c >&5
configure:5766: $? = 0
configure:5766: result: yes
configure:5766: checking for stdlib.h
configure:5766: cc -c -g -O2  conftest.c >&5
configure:5766: $? = 0
configure:5766: result: yes
configure:5766: checking for string.h
configure:5766: cc -c -g -O2  conftest.c >&5
configure:5766: $? = 0
configure:5766: result: yes
configure:5766: checking for inttypes.h
configure:5766: cc -c -g -O2  conftest.c >&5
configure:5766: $? = 0
configure:5766: result: yes
configure:5766: checking for stdint.h
configure:5766: cc -c -g -O2  conftest.c >&5
configure:5766: $? = 0
configure:5766: result: yes
configure:5766: checking for strings.h
configure:5766: cc -c -g -O2  conftest.c >&5
configure:5766: $? = 0
configure:5766: result: yes
configure:5766: checking for sys/stat.h
configure:5766: cc -c -g -O2  conftest.c >&5
configure:5766: $? = 0
configure:5766: result: yes
configure:5766: checking for sys/types.h
configure:5766: cc -c -g -O2  conftest.c >&5
configure:5766: $? = 0
configure:5766: result: yes
configure:5766: checking for unistd.h
configure:5766: cc -c -g -O2  conftest.c >&5
configure:5766: $? = 0
configure:5766: result: yes
configure:5791: checking for dlfcn.h
configure:5791: cc -c -g -O2  conftest.c >&5
configure:5791: $? = 0
configure:5791: result: yes
configure:5810: checking the maximum length of command line arguments
configure:5924: result: 786432
configure:5936: checking command to parse /usr/bin/nm -B output from cc object
configure:6042: cc -c -g -O2  conftest.c >&5
configure:6045: $? = 0
configure:6049: /usr/bin/nm -B conftest.o \| sed -n -e 's/^.*[ 	]\([ABCDGIRSTW][ABCDGIRSTW]*\)[ 	][ 	]*\([_A-Za-z][_A-Za-z0-9]*\)$/\1 \2 \2/p' \> conftest.nm
configure:6052: $? = 0
cannot find nm_test_var in conftest.nm
configure:6042: cc -c -g -O2  conftest.c >&5
configure:6045: $? = 0
configure:6049: /usr/bin/nm -B conftest.o \| sed -n -e 's/^.*[ 	]\([ABCDGIRSTW][ABCDGIRSTW]*\)[ 	][ 	]*_\([_A-Za-z][_A-Za-z0-9]*\)$/\1 _\2 \2/p' \> conftest.nm
configure:6052: $? = 0
configure:6104: cc -o conftest -g -O2   conftest.c conftstm.o >&5
configure:6107: $? = 0
configure:6146: result: ok
configure:6150: checking for objdir
configure:6167: result: .libs
configure:6265: checking for ar
configure:6286: found /Users/konanaimeysraelndri/anaconda3/bin/ar
configure:6298: result: ar
configure:6369: checking for ranlib
configure:6390: found /Users/konanaimeysraelndri/anaconda3/bin/ranlib
configure:6402: result: ranlib
configure:6473: checking for strip
configure:6494: found /Users/konanaimeysraelndri/anaconda3/bin/strip
configure:6506: result: strip
configure:6769: checking for dsymutil
configure:6790: found /usr/bin/dsymutil
configure:6802: result: dsymutil
configure:6873: checking for nmedit
configure:6894: found /Users/konanaimeysraelndri/anaconda3/bin/nmedit
configure:6906: result: nmedit
configure:6929: checking for -single_module linker flag
configure:6952: result: yes
configure:6954: checking for -exported_symbols_list linker flag
configure:6971: cc -o conftest -g -O2   -Wl,-exported_symbols_list,conftest.sym conftest.c  >&5
configure:6974: $? = 0
configure:6989: result: yes
configure:7109: checking if cc supports -fno-rtti -fno-exceptions
configure:7128: cc -c -g -O2  -fno-rtti -fno-exceptions conftest.c >&5
configure:7132: $? = 0
configure:7146: result: yes
configure:7161: checking for cc option to produce PIC
configure:7401: result: -fno-common
configure:7409: checking if cc PIC flag -fno-common works
configure:7428: cc -c -g -O2  -fno-common -DPIC conftest.c >&5
configure:7432: $? = 0
configure:7446: result: yes
configure:7474: checking if cc static flag -static works
configure:7504: result: no
configure:7514: checking if cc supports -c -o file.o
configure:7536: cc -c -g -O2  -o out/conftest2.o conftest.c >&5
configure:7540: $? = 0
configure:7563: result: yes
configure:7589: checking whether the cc linker (/Applications/Xcode.app/Contents/Developer/Toolchains/XcodeDefault.xctoolchain/usr/bin/ld) supports shared libraries
configure:8517: result: yes
configure:8584: checking dynamic linker characteristics
configure:9193: result: darwin24.3.0 dyld
configure:9221: checking how to hardcode library paths into programs
configure:9246: result: immediate
configure:9260: checking whether stripping libraries is possible
configure:9274: result: yes
configure:9828: checking if libtool supports shared libraries
configure:9830: result: yes
configure:9833: checking whether to build shared libraries
configure:9854: result: yes
configure:9857: checking whether to build static libraries
configure:9861: result: no
configure:9955: result:
creating libtool
configure:13599: result: 
configure:13601: result: [1mGenerating files[m
configure:13726: creating build directories
configure:13731: creating Makefile
configure:13747: patching config.h.in
configure:13758: creating ./config.status

## ---------------------- ##
## Running config.status. ##
## ---------------------- ##

This file was extended by config.status, which was
generated by GNU Autoconf 2.72.  Invocation command line was

  CONFIG_FILES    = 
  CONFIG_HEADERS  = 
  CONFIG_LINKS    = 
  CONFIG_COMMANDS = 
  $ ./config.status 

on MacBook-Pro-de-YSRAEL.local

config.status:673: creating config.h
config.status:763: config.h is unchanged

## ---------------- ##
## Cache variables. ##
## ---------------- ##

ac_cv_build=x86_64-apple-darwin24.3.0
ac_cv_c_compiler_gnu=yes
ac_cv_env_CC_set=
ac_cv_env_CC_value=
ac_cv_env_CFLAGS_set=
ac_cv_env_CFLAGS_value=
ac_cv_env_CPPFLAGS_set=
ac_cv_env_CPPFLAGS_value=
ac_cv_env_CPP_set=
ac_cv_env_CPP_value=
ac_cv_env_LDFLAGS_set=
ac_cv_env_LDFLAGS_value=
ac_cv_env_LIBS_set=
ac_cv_env_LIBS_value=
ac_cv_env_PKG_CONFIG_LIBDIR_set=
ac_cv_env_PKG_CONFIG_LIBDIR_value=
ac_cv_env_PKG_CONFIG_PATH_set=
ac_cv_env_PKG_CONFIG_PATH_value=
ac_cv_env_PKG_CONFIG_set=
ac_cv_env_PKG_CONFIG_value=
ac_cv_env_build_alias_set=
ac_cv_env_build_alias_value=
ac_cv_env_host_alias_set=
ac_cv_env_host_alias_value=
ac_cv_env_target_alias_set=
ac_cv_env_target_alias_value=
ac_cv_header_dlfcn_h=yes
ac_cv_header_inttypes_h=yes
ac_cv_header_stdint_h=yes
ac_cv_header_stdio_h=yes
ac_cv_header_stdlib_h=yes
ac_cv_header_string_h=yes
ac_cv_header_strings_h=yes
ac_cv_header_sys_stat_h=yes
ac_cv_header_sys_types_h=yes
ac_cv_header_unistd_h=yes
ac_cv_host=x86_64-apple-darwin24.3.0
ac_cv_objext=o
ac_cv_path_EGREP='/usr/bin/grep -E'
ac_cv_path_EGREP_TRADITIONAL='/usr/bin/grep -E'
ac_cv_path_GREP=/usr/bin/grep
ac_cv_path_SED=/usr/bin/sed
ac_cv_path_ac_pt_PKG_CONFIG=/usr/local/bin/pkg-config
ac_cv_prog_AWK=awk
ac_cv_prog_CPP='cc -E'
ac_cv_prog_ac_ct_AR=ar
ac_cv_prog_ac_ct_CC=cc
ac_cv_prog_ac_ct_DSYMUTIL=dsymutil
ac_cv_prog_ac_ct_NMEDIT=nmedit
ac_cv_prog_ac_ct_RANLIB=ranlib
ac_cv_prog_ac_ct_STRIP=strip
ac_cv_prog_cc_c11=
ac_cv_prog_cc_g=yes
ac_cv_prog_cc_stdc=
ac_cv_target=x86_64-apple-darwin24.3.0
lt_cv_apple_cc_single_mod=yes
lt_cv_deplibs_check_method=pass_all
lt_cv_file_magic_cmd='$MAGIC_CMD'
lt_cv_file_magic_test_file=
lt_cv_ld_exported_symbols_list=yes
lt_cv_ld_reload_flag=-r
lt_cv_objdir=.libs
lt_cv_path_LD=/Applications/Xcode.app/Contents/Developer/Toolchains/XcodeDefault.xctoolchain/usr/bin/ld
lt_cv_path_NM='/usr/bin/nm -B'
lt_cv_path_SED=/usr/bin/sed
lt_cv_prog_compiler_c_o=yes
lt_cv_prog_compiler_pic_works=yes
lt_cv_prog_compiler_rtti_exceptions=yes
lt_cv_prog_compiler_static_works=no
lt_cv_prog_gnu_ld=no
lt_cv_sys_global_symbol_pipe='sed -n -e '\''s/^.*[ 	]\([ABCDGIRSTW][ABCDGIRSTW]*\)[ 	][ 	]*_\([_A-Za-z][_A-Za-z0-9]*\)$/\1 _\2 \2/p'\'''
lt_cv_sys_global_symbol_to_c_name_address='sed -n -e '\''s/^: \([^ ]*\) $/  {\"\1\", (lt_ptr) 0},/p'\'' -e '\''s/^[BCDEGRST] \([^ ]*\) \([^ ]*\)$/  {"\2", (lt_ptr) \&\2},/p'\'''
lt_cv_sys_global_symbol_to_cdecl='sed -n -e '\''s/^. .* \(.*\)$/extern int \1;/p'\'''
lt_cv_sys_lib_dlsearch_path_spec='/usr/local/lib /lib /usr/lib'
lt_cv_sys_lib_search_path_spec='/Applications/Xcode.app/Contents/Developer/Toolchains/XcodeDefault.xctoolchain/usr/lib/clang/15.0.0 /usr/local/lib'
lt_cv_sys_max_cmd_len=786432
lt_lt_cv_prog_compiler_c_o='"yes"'
lt_lt_cv_sys_global_symbol_pipe='"sed -n -e '\''s/^.*[ 	]\\([ABCDGIRSTW][ABCDGIRSTW]*\\)[ 	][ 	]*_\\([_A-Za-z][_A-Za-z0-9]*\\)\$/\\1 _\\2 \\2/p'\''"'
lt_lt_cv_sys_global_symbol_to_c_name_address='"sed -n -e '\''s/^: \\([^ ]*\\) \$/  {\\\"\\1\\\", (lt_ptr) 0},/p'\'' -e '\''s/^[BCDEGRST] \\([^ ]*\\) \\([^ ]*\\)\$/  {\"\\2\", (lt_ptr) \\&\\2},/p'\''"'
lt_lt_cv_sys_global_symbol_to_cdecl='"sed -n -e '\''s/^. .* \\(.*\\)\$/extern int \\1;/p'\''"'
php_cv_cc_rpath=yes

## ----------------- ##
## Output variables. ##
## ----------------- ##

AR='ar'
AWK='awk'
BUILD_CC='cc'
CC='cc'
CFLAGS='-g -O2'
CONFIGURE_COMMAND=' '\''./configure'\''  '\''--enable-epaphrodites'\'''
CONFIGURE_OPTIONS=' '\''--enable-epaphrodites'\'''
CPP='cc -E'
CPPFLAGS=' -DHAVE_CONFIG_H'
DEFS='-DHAVE_CONFIG_H'
DSYMUTIL='dsymutil'
ECHO='/bin/echo'
ECHO_C='\c'
ECHO_N=''
ECHO_T=''
EGREP='/usr/bin/grep -E'
EXEEXT=''
GREP='/usr/bin/grep'
LDFLAGS=''
LIBOBJS=''
LIBS=''
LIBTOOL='$(SHELL) $(top_builddir)/libtool'
LN_S='ln -s'
LTLIBOBJS=''
NMEDIT='nmedit'
OBJEXT='o'
PACKAGE_BUGREPORT=''
PACKAGE_NAME=''
PACKAGE_STRING=''
PACKAGE_TARNAME=''
PACKAGE_URL=''
PACKAGE_VERSION=''
PATH_SEPARATOR=':'
PKG_CONFIG='/usr/local/bin/pkg-config'
PKG_CONFIG_LIBDIR=''
PKG_CONFIG_PATH=''
RANLIB='ranlib'
SED='/usr/bin/sed'
SHELL='/bin/sh'
SHLIB_DL_SUFFIX_NAME='so'
SHLIB_SUFFIX_NAME='dylib'
STRIP='strip'
ac_ct_CC='cc'
bindir='${exec_prefix}/bin'
build='x86_64-apple-darwin24.3.0'
build_alias=''
build_cpu='x86_64'
build_os='darwin24.3.0'
build_vendor='apple'
datadir='${datarootdir}'
datarootdir='${prefix}/share'
docdir='${datarootdir}/doc/${PACKAGE}'
dvidir='${docdir}'
exec_prefix='$(prefix)'
host='x86_64-apple-darwin24.3.0'
host_alias='x86_64-apple-darwin24.3.0'
host_cpu='x86_64'
host_os='darwin24.3.0'
host_vendor='apple'
htmldir='${docdir}'
includedir='${prefix}/include'
infodir='${datarootdir}/info'
libdir='${exec_prefix}/lib'
libexecdir='${exec_prefix}/libexec'
localedir='${datarootdir}/locale'
localstatedir='${prefix}/var'
mandir='${datarootdir}/man'
oldincludedir='/usr/include'
pdfdir='${docdir}'
prefix='/usr/local/Cellar/php/8.4.4'
program_transform_name='s,x,x,'
psdir='${docdir}'
runstatedir='${localstatedir}/run'
sbindir='${exec_prefix}/sbin'
sharedstatedir='${prefix}/com'
sysconfdir='${prefix}/etc'
target='x86_64-apple-darwin24.3.0'
target_alias=''
target_cpu='x86_64'
target_os='darwin24.3.0'
target_vendor='apple'

## ----------- ##
## confdefs.h. ##
## ----------- ##

/* confdefs.h */
#define PACKAGE_NAME ""
#define PACKAGE_TARNAME ""
#define PACKAGE_VERSION ""
#define PACKAGE_STRING ""
#define PACKAGE_BUGREPORT ""
#define PACKAGE_URL ""
#define HAVE_EPAPHRODITES 1
#define COMPILE_DL_EPAPHRODITES 1
#define HAVE_STDIO_H 1
#define HAVE_STDLIB_H 1
#define HAVE_STRING_H 1
#define HAVE_INTTYPES_H 1
#define HAVE_STDINT_H 1
#define HAVE_STRINGS_H 1
#define HAVE_SYS_STAT_H 1
#define HAVE_SYS_TYPES_H 1
#define HAVE_UNISTD_H 1
#define STDC_HEADERS 1
#define HAVE_DLFCN_H 1

configure: exit 0
